DEBUG:root:Order:2 3 10.0
DEBUG:root:Finish turn

DEBUG:root:Order:2 4 10.0
DEBUG:root:Finish turn

DEBUG:root:Order:2 19 15.0
DEBUG:root:Finish turn

DEBUG:root:Order:2 20 15.0
DEBUG:root:Order:2 4 32
DEBUG:root:Finish turn

DEBUG:root:Order:2 15 20.0
DEBUG:root:Bad order:4 3.0 8
DEBUG:root:Finish turn

DEBUG:root:Order:2 16 20.0
DEBUG:root:Order:4 0 26.0
DEBUG:root:Order:4 2 4
DEBUG:root:Finish turn

DEBUG:root:Order:2 4 1
DEBUG:root:Finish turn

DEBUG:root:Order:2 19 6
DEBUG:root:Order:4 19 2
DEBUG:root:Finish turn

DEBUG:root:Order:2 19 2
DEBUG:root:Order:2 4 2
DEBUG:root:Finish turn

DEBUG:root:Order:2 19 1
DEBUG:root:Order:4 19 1
DEBUG:root:Finish turn

DEBUG:root:Order:2 19 1
DEBUG:root:Order:2 4 2
DEBUG:root:Finish turn

DEBUG:root:Order:2 15 6
DEBUG:root:Order:4 15 5
DEBUG:root:Order:19 15 2
DEBUG:root:Finish turn

DEBUG:root:Order:2 15 1
DEBUG:root:Order:2 19 1
DEBUG:root:Order:2 4 2
DEBUG:root:Finish turn

DEBUG:root:Order:2 19 1
DEBUG:root:Order:4 19 1
DEBUG:root:Finish turn

DEBUG:root:Order:2 15 4
DEBUG:root:Order:4 15 1
DEBUG:root:Finish turn

DEBUG:root:Order:2 15 6
DEBUG:root:Order:4 15 3
DEBUG:root:Order:19 15 2
DEBUG:root:Finish turn

DEBUG:root:Order:2 15 2
DEBUG:root:Order:2 19 1
DEBUG:root:Finish turn

DEBUG:root:Order:2 19 1
DEBUG:root:Order:2 4 2
DEBUG:root:Finish turn

DEBUG:root:Order:2 0 27
DEBUG:root:Order:4 0 26
DEBUG:root:Order:15 0 26
DEBUG:root:Order:19 0 23
DEBUG:root:Finish turn

DEBUG:root:Order:2 0 3
DEBUG:root:Order:15 0 1
DEBUG:root:Finish turn

DEBUG:root:Order:2 0 3
DEBUG:root:Order:15 0 1
DEBUG:root:Finish turn

DEBUG:root:Order:2 0 4
DEBUG:root:Order:15 0 1
DEBUG:root:Order:15 19 1
DEBUG:root:Finish turn

DEBUG:root:Order:2 0 4
DEBUG:root:Order:4 0 2
DEBUG:root:Order:15 0 1
DEBUG:root:Order:15 19 1
DEBUG:root:Finish turn

DEBUG:root:Order:2 0 4
DEBUG:root:Order:15 0 2
DEBUG:root:Order:4 0 1
DEBUG:root:Finish turn

DEBUG:root:Order:2 0 4
DEBUG:root:Order:15 0 2
DEBUG:root:Order:4 0 1
DEBUG:root:Finish turn

DEBUG:root:Order:2 19 1
DEBUG:root:Order:2 4 2
DEBUG:root:Finish turn

DEBUG:root:Order:15 9 40.0
DEBUG:root:Order:2 15 15
DEBUG:root:Order:4 15 10
DEBUG:root:Order:4 19 4
DEBUG:root:Finish turn

DEBUG:root:Order:2 19 7
DEBUG:root:Order:4 19 4
DEBUG:root:Order:15 19 4
DEBUG:root:Finish turn

DEBUG:root:Order:2 4 4
DEBUG:root:Order:15 4 1
DEBUG:root:Order:15 19 1
DEBUG:root:Finish turn

DEBUG:root:Order:2 4 3
DEBUG:root:Order:15 4 1
DEBUG:root:Order:15 19 1
DEBUG:root:Finish turn

DEBUG:root:Order:2 4 4
DEBUG:root:Order:15 4 1
DEBUG:root:Finish turn

DEBUG:root:Order:0 15 13
DEBUG:root:Order:0 4 7
DEBUG:root:Bad order:0 6.0 7
DEBUG:root:Order:0 2 2
DEBUG:root:Finish turn

DEBUG:root:Order:0 15 9
DEBUG:root:Order:0 19 6
DEBUG:root:Finish turn

DEBUG:root:Order:19 10 40.0
DEBUG:root:Order:2 19 18
DEBUG:root:Order:4 19 12
DEBUG:root:Order:0 19 1
DEBUG:root:Order:0 15 5
DEBUG:root:Finish turn

DEBUG:root:Order:2 0 1
DEBUG:root:Order:2 19 1
DEBUG:root:Order:2 4 2
DEBUG:root:Finish turn

DEBUG:root:Order:2 19 2
DEBUG:root:Order:4 19 2
DEBUG:root:Order:15 19 1
DEBUG:root:Order:15 0 1
DEBUG:root:Finish turn

DEBUG:root:Order:2 19 3
DEBUG:root:Order:15 19 1
DEBUG:root:Finish turn

DEBUG:root:Order:2 19 4
DEBUG:root:Order:15 19 2
DEBUG:root:Order:4 19 1
DEBUG:root:Finish turn

DEBUG:root:Order:2 19 5
DEBUG:root:Order:15 19 3
DEBUG:root:Order:4 19 2
DEBUG:root:Finish turn

DEBUG:root:Order:2 0 5
DEBUG:root:Order:15 0 3
DEBUG:root:Order:4 0 2
DEBUG:root:Finish turn

DEBUG:root:Order:2 0 6
DEBUG:root:Order:15 0 4
DEBUG:root:Order:4 0 3
DEBUG:root:Order:19 0 2
DEBUG:root:Finish turn

DEBUG:root:Order:19 5 46.0
DEBUG:root:Order:9 19 27
DEBUG:root:Order:2 19 9
DEBUG:root:Order:15 19 4
DEBUG:root:Order:15 0 7
DEBUG:root:Order:4 0 3
DEBUG:root:Finish turn

DEBUG:root:Order:2 0 6
DEBUG:root:Order:4 0 6
DEBUG:root:Order:9 0 3
DEBUG:root:Order:19 0 1
DEBUG:root:Finish turn

DEBUG:root:Order:2 9 4
DEBUG:root:Order:15 9 2
DEBUG:root:Order:4 9 1
DEBUG:root:Finish turn

DEBUG:root:Order:2 4 5
DEBUG:root:Order:15 4 2
DEBUG:root:Order:15 9 1
DEBUG:root:Finish turn

DEBUG:root:Order:15 2 3
DEBUG:root:Order:19 2 2
DEBUG:root:Order:0 2 1
DEBUG:root:Order:4 2 1
DEBUG:root:Order:9 2 1
DEBUG:root:Finish turn

DEBUG:root:Order:15 2 3
DEBUG:root:Order:4 2 2
DEBUG:root:Order:9 2 2
DEBUG:root:Order:0 2 1
DEBUG:root:Order:19 2 1
DEBUG:root:Finish turn

DEBUG:root:Order:2 9 4
DEBUG:root:Order:15 9 4
DEBUG:root:Order:4 9 3
DEBUG:root:Order:0 9 2
DEBUG:root:Order:19 9 2
DEBUG:root:Finish turn

DEBUG:root:Order:2 9 5
DEBUG:root:Order:15 9 3
DEBUG:root:Order:4 9 2
DEBUG:root:Order:0 9 1
DEBUG:root:Order:19 9 1
DEBUG:root:Finish turn

DEBUG:root:Order:2 9 7
DEBUG:root:Order:15 9 5
DEBUG:root:Order:4 9 4
DEBUG:root:Order:0 9 3
DEBUG:root:Order:19 9 1
DEBUG:root:Order:19 5 1
DEBUG:root:Finish turn

DEBUG:root:Order:2 0 1
DEBUG:root:Order:2 9 1
DEBUG:root:Order:2 4 2
DEBUG:root:Finish turn

DEBUG:root:Order:5 19 3
DEBUG:root:Order:2 19 1
DEBUG:root:Order:4 19 1
DEBUG:root:Order:15 19 1
DEBUG:root:Finish turn

DEBUG:root:Order:15 6 46.0
DEBUG:root:Order:2 15 11
DEBUG:root:Order:5 15 11
DEBUG:root:Order:4 15 8
DEBUG:root:Order:9 15 6
DEBUG:root:Order:9 19 1
DEBUG:root:Order:9 10 7
DEBUG:root:Finish turn

DEBUG:root:Bad order:10 3.0 4
DEBUG:root:Order:2 9 2
DEBUG:root:Order:5 9 2
DEBUG:root:Finish turn

DEBUG:root:Order:2 9 3
DEBUG:root:Order:2 19 3
DEBUG:root:Order:2 4 3
DEBUG:root:Order:5 4 3
DEBUG:root:Finish turn

DEBUG:root:Order:4 10 5
DEBUG:root:Order:5 10 1
DEBUG:root:Order:5 2 2
DEBUG:root:Order:5 19 1
DEBUG:root:Order:5 9 3
DEBUG:root:Finish turn

DEBUG:root:Order:2 10 4
DEBUG:root:Order:9 10 4
DEBUG:root:Order:9 0 4
DEBUG:root:Order:4 0 1
DEBUG:root:Finish turn

DEBUG:root:Order:5 0 4
DEBUG:root:Order:5 9 3
DEBUG:root:Order:5 10 4
DEBUG:root:Order:2 10 3
DEBUG:root:Order:4 10 1
DEBUG:root:Finish turn

DEBUG:root:Order:10 0 5
DEBUG:root:Order:10 5 3
DEBUG:root:Order:10 19 1
DEBUG:root:Bad order:10 4.0 7
DEBUG:root:Order:2 9 3
DEBUG:root:Finish turn

DEBUG:root:Order:2 0 3
DEBUG:root:Order:5 0 2
DEBUG:root:Order:9 0 2
DEBUG:root:Order:9 10 1
DEBUG:root:Order:9 19 1
DEBUG:root:Finish turn

DEBUG:root:Order:2 0 4
DEBUG:root:Order:5 0 3
DEBUG:root:Order:5 9 4
DEBUG:root:Order:4 9 1
DEBUG:root:Finish turn

DEBUG:root:Order:9 11 54.0
DEBUG:root:Order:2 9 11
DEBUG:root:Order:4 9 8
DEBUG:root:Order:5 9 8
DEBUG:root:Order:10 9 8
DEBUG:root:Order:19 9 6
DEBUG:root:Order:19 0 2
DEBUG:root:Finish turn

DEBUG:root:Order:2 0 4
DEBUG:root:Order:5 0 4
DEBUG:root:Order:4 0 1
DEBUG:root:Order:10 0 1
DEBUG:root:Order:10 19 1
DEBUG:root:Finish turn

DEBUG:root:Order:2 10 3
DEBUG:root:Order:5 10 3
DEBUG:root:Order:5 0 1
DEBUG:root:Order:5 19 1
DEBUG:root:Finish turn

DEBUG:root:Order:2 10 4
DEBUG:root:Order:5 10 2
DEBUG:root:Order:5 0 1
DEBUG:root:Order:5 19 1
DEBUG:root:Finish turn

DEBUG:root:Order:2 0 1
DEBUG:root:Order:2 19 1
DEBUG:root:Finish turn

DEBUG:root:Order:2 0 5
DEBUG:root:Order:5 0 5
DEBUG:root:Order:4 0 2
DEBUG:root:Order:9 0 2
DEBUG:root:Finish turn

DEBUG:root:Order:2 9 5
DEBUG:root:Order:5 9 5
DEBUG:root:Order:5 0 2
DEBUG:root:Finish turn

DEBUG:root:Order:2 9 4
DEBUG:root:Order:4 9 3
DEBUG:root:Order:5 9 2
DEBUG:root:Order:19 9 1
DEBUG:root:Finish turn

DEBUG:root:Order:2 0 6
DEBUG:root:Order:5 0 6
DEBUG:root:Order:4 0 3
DEBUG:root:Order:19 0 2
DEBUG:root:Finish turn

DEBUG:root:Order:2 0 5
DEBUG:root:Order:5 0 5
DEBUG:root:Order:4 0 2
DEBUG:root:Order:9 0 2
DEBUG:root:Order:19 0 1
DEBUG:root:Finish turn

DEBUG:root:Order:2 4 7
DEBUG:root:Order:5 4 7
DEBUG:root:Bad order:9 0.0 4
DEBUG:root:Order:19 4 3
DEBUG:root:Finish turn

DEBUG:root:Order:9 11 6
DEBUG:root:Order:2 11 5
DEBUG:root:Order:5 11 2
DEBUG:root:Order:5 4 4
DEBUG:root:Order:5 0 5
DEBUG:root:Order:19 0 1
DEBUG:root:Finish turn

DEBUG:root:Order:0 5 3
DEBUG:root:Order:0 4 1
DEBUG:root:Order:0 19 1
DEBUG:root:Order:0 9 3
DEBUG:root:Order:2 9 2
DEBUG:root:Finish turn

DEBUG:root:Order:9 0 3
DEBUG:root:Order:2 0 2
DEBUG:root:Order:5 0 1
DEBUG:root:Order:5 19 1
DEBUG:root:Finish turn

DEBUG:root:Order:2 0 3
DEBUG:root:Order:5 0 1
DEBUG:root:Order:5 19 2
DEBUG:root:Order:5 4 1
DEBUG:root:Finish turn

DEBUG:root:Bad order:10 5.0 23
DEBUG:root:Order:11 6 15
DEBUG:root:Order:2 6 14
DEBUG:root:Order:5 6 12
DEBUG:root:Order:9 6 11
DEBUG:root:Order:4 6 10
DEBUG:root:Order:0 6 9
DEBUG:root:Order:19 6 9
DEBUG:root:Finish turn

DEBUG:root:Bad order:10 7.0 22
DEBUG:root:Order:2 6 2
DEBUG:root:Order:5 6 2
DEBUG:root:Order:11 6 1
DEBUG:root:Finish turn

DEBUG:root:Order:10 0 5
DEBUG:root:Order:10 19 5
DEBUG:root:Order:10 4 3
DEBUG:root:Bad order:10 1.0 3
DEBUG:root:Bad order:10 1.0 19
DEBUG:root:Finish turn

DEBUG:root:Bad order:10 0.0 7
DEBUG:root:Order:2 19 4
DEBUG:root:Order:5 19 4
DEBUG:root:Order:11 19 2
DEBUG:root:Finish turn

DEBUG:root:Order:10 19 6
DEBUG:root:Order:2 19 2
DEBUG:root:Order:2 9 2
DEBUG:root:Order:5 9 1
DEBUG:root:Order:5 4 2
DEBUG:root:Order:11 4 1
DEBUG:root:Finish turn

DEBUG:root:Order:4 10 3
DEBUG:root:Order:5 10 3
DEBUG:root:Order:11 10 3
DEBUG:root:Order:2 10 2
DEBUG:root:Finish turn

DEBUG:root:Order:2 10 5
DEBUG:root:Order:5 10 5
DEBUG:root:Order:11 10 4
DEBUG:root:Order:4 10 2
DEBUG:root:Order:9 10 2
DEBUG:root:Finish turn

DEBUG:root:Order:2 10 4
DEBUG:root:Order:5 10 4
DEBUG:root:Order:11 10 3
DEBUG:root:Order:4 10 1
DEBUG:root:Order:9 10 1
DEBUG:root:Finish turn

DEBUG:root:Order:2 10 2
DEBUG:root:Order:5 10 2
DEBUG:root:Order:11 10 1
DEBUG:root:Order:11 19 1
DEBUG:root:Order:11 4 1
DEBUG:root:Finish turn

DEBUG:root:Order:2 0 4
DEBUG:root:Order:5 0 4
DEBUG:root:Order:4 0 1
DEBUG:root:Order:11 0 1
DEBUG:root:Finish turn

DEBUG:root:Order:2 4 8
DEBUG:root:Order:5 4 8
DEBUG:root:Order:11 4 7
DEBUG:root:Order:9 4 5
DEBUG:root:Order:10 4 5
DEBUG:root:Order:19 4 3
DEBUG:root:Finish turn

DEBUG:root:Order:2 0 3
DEBUG:root:Order:5 0 3
DEBUG:root:Order:11 0 1
DEBUG:root:Order:11 4 2
DEBUG:root:Finish turn

DEBUG:root:Order:2 0 4
DEBUG:root:Order:5 0 4
DEBUG:root:Order:4 0 2
DEBUG:root:Order:11 0 2
DEBUG:root:Order:9 0 1
DEBUG:root:Order:9 19 1
DEBUG:root:Finish turn

DEBUG:root:Order:2 0 4
DEBUG:root:Order:5 0 4
DEBUG:root:Order:11 0 3
DEBUG:root:Order:10 0 2
DEBUG:root:Order:4 0 1
DEBUG:root:Finish turn

DEBUG:root:Order:2 0 5
DEBUG:root:Order:5 0 5
DEBUG:root:Order:11 0 4
DEBUG:root:Order:4 0 2
DEBUG:root:Order:9 0 2
DEBUG:root:Order:19 0 1
DEBUG:root:Finish turn

DEBUG:root:Order:4 13 62.0
DEBUG:root:Order:2 4 11
DEBUG:root:Order:5 4 11
DEBUG:root:Order:11 4 10
DEBUG:root:Order:9 4 8
DEBUG:root:Order:19 4 7
DEBUG:root:Order:0 4 1
DEBUG:root:Finish turn

DEBUG:root:Order:2 0 8
DEBUG:root:Order:5 0 8
DEBUG:root:Order:11 0 7
DEBUG:root:Order:9 0 5
DEBUG:root:Order:19 0 3
DEBUG:root:Order:19 4 4
DEBUG:root:Finish turn

DEBUG:root:Order:2 19 2
DEBUG:root:Order:5 19 2
DEBUG:root:Order:5 0 2
DEBUG:root:Order:5 9 2
DEBUG:root:Order:11 9 1
DEBUG:root:Finish turn

DEBUG:root:Order:2 0 8
DEBUG:root:Order:9 0 7
DEBUG:root:Order:11 0 7
DEBUG:root:Order:5 0 4
DEBUG:root:Order:19 0 3
DEBUG:root:Finish turn

DEBUG:root:Order:2 0 9
DEBUG:root:Order:5 0 9
DEBUG:root:Order:11 0 8
DEBUG:root:Order:9 0 6
DEBUG:root:Order:19 0 5
DEBUG:root:Finish turn

DEBUG:root:Order:2 9 8
DEBUG:root:Order:5 9 8
DEBUG:root:Order:11 9 7
DEBUG:root:Order:19 9 4
DEBUG:root:Order:0 9 2
DEBUG:root:Finish turn

DEBUG:root:Order:2 4 2
DEBUG:root:Order:5 4 1
DEBUG:root:Order:5 0 1
DEBUG:root:Order:5 19 1
DEBUG:root:Order:5 9 2
DEBUG:root:Order:11 9 1
DEBUG:root:Finish turn

DEBUG:root:Order:2 4 4
DEBUG:root:Order:9 4 3
DEBUG:root:Order:11 4 3
DEBUG:root:Order:5 4 1
DEBUG:root:Order:5 0 1
DEBUG:root:Finish turn

DEBUG:root:Order:2 4 4
DEBUG:root:Order:5 4 3
DEBUG:root:Order:11 4 3
DEBUG:root:Order:9 4 1
DEBUG:root:Finish turn

DEBUG:root:Order:2 4 5
DEBUG:root:Order:5 4 5
DEBUG:root:Order:11 4 4
DEBUG:root:Order:9 4 2
DEBUG:root:Order:0 4 1
DEBUG:root:Finish turn

DEBUG:root:Order:2 4 3
DEBUG:root:Order:5 4 2
DEBUG:root:Order:5 0 3
DEBUG:root:Order:5 19 3
DEBUG:root:Order:11 19 2
DEBUG:root:Finish turn

DEBUG:root:Order:2 0 5
DEBUG:root:Order:19 0 5
DEBUG:root:Order:11 0 4
DEBUG:root:Order:9 0 2
DEBUG:root:Order:4 0 1
DEBUG:root:Finish turn

DEBUG:root:Order:2 19 7
DEBUG:root:Order:5 19 7
DEBUG:root:Order:11 19 6
DEBUG:root:Order:4 19 4
DEBUG:root:Order:9 19 4
DEBUG:root:Order:0 19 2
DEBUG:root:Finish turn

DEBUG:root:Order:4 14 62.0
DEBUG:root:Order:2 4 15
DEBUG:root:Order:5 4 15
DEBUG:root:Order:11 4 14
DEBUG:root:Order:9 4 5
DEBUG:root:Order:9 19 12
DEBUG:root:Order:0 19 8
DEBUG:root:Finish turn

DEBUG:root:Order:2 0 5
DEBUG:root:Order:5 0 5
DEBUG:root:Order:11 0 3
DEBUG:root:Order:11 9 2
DEBUG:root:Finish turn

DEBUG:root:Order:2 0 7
DEBUG:root:Order:5 0 7
DEBUG:root:Order:11 0 5
DEBUG:root:Order:9 0 1
DEBUG:root:Order:9 6 3
DEBUG:root:Order:19 6 3
DEBUG:root:Finish turn

DEBUG:root:Order:2 0 1
DEBUG:root:Order:2 9 1
DEBUG:root:Order:2 19 1
DEBUG:root:Order:2 6 2
DEBUG:root:Order:5 6 2
DEBUG:root:Order:11 6 1
DEBUG:root:Finish turn

DEBUG:root:Order:5 6 4
DEBUG:root:Order:5 4 2
DEBUG:root:Order:5 0 4
DEBUG:root:Order:11 0 3
DEBUG:root:Order:2 0 1
DEBUG:root:Finish turn

DEBUG:root:Order:0 6 9
DEBUG:root:Order:2 6 6
DEBUG:root:Order:2 13 6
DEBUG:root:Order:11 13 5
DEBUG:root:Finish turn

DEBUG:root:Order:5 6 5
DEBUG:root:Order:9 6 5
DEBUG:root:Order:4 6 4
DEBUG:root:Order:11 6 4
DEBUG:root:Order:13 6 3
DEBUG:root:Order:19 6 2
DEBUG:root:Order:19 2 2
DEBUG:root:Order:0 2 1
DEBUG:root:Finish turn

DEBUG:root:Order:2 6 7
DEBUG:root:Order:5 6 5
DEBUG:root:Order:11 6 4
DEBUG:root:Order:13 6 4
DEBUG:root:Order:4 6 2
DEBUG:root:Order:9 6 2
DEBUG:root:Order:0 6 1
DEBUG:root:Finish turn

DEBUG:root:Order:2 13 3
DEBUG:root:Order:5 13 3
DEBUG:root:Order:5 6 3
DEBUG:root:Order:5 19 1
DEBUG:root:Order:5 0 3
DEBUG:root:Order:11 0 2
DEBUG:root:Finish turn

DEBUG:root:Order:0 13 3
DEBUG:root:Order:2 13 3
DEBUG:root:Order:6 13 1
DEBUG:root:Order:6 5 2
DEBUG:root:Order:11 5 1
DEBUG:root:Order:11 19 1
DEBUG:root:Finish turn

DEBUG:root:Order:19 8 64.0
DEBUG:root:Order:5 19 12
DEBUG:root:Order:6 19 12
DEBUG:root:Order:11 19 12
DEBUG:root:Order:13 19 11
DEBUG:root:Order:4 19 9
DEBUG:root:Order:4 2 10
DEBUG:root:Order:9 2 2
DEBUG:root:Order:9 14 8
DEBUG:root:Finish turn

DEBUG:root:Order:2 4 2
DEBUG:root:Order:5 4 2
DEBUG:root:Order:11 4 1
DEBUG:root:Order:13 4 1
DEBUG:root:Finish turn

DEBUG:root:Order:2 14 3
DEBUG:root:Order:5 14 1
DEBUG:root:Order:5 4 3
DEBUG:root:Order:5 19 2
DEBUG:root:Order:5 9 3
DEBUG:root:Order:11 9 2
DEBUG:root:Order:13 9 2
DEBUG:root:Finish turn

DEBUG:root:Order:9 14 6
DEBUG:root:Order:2 14 3
DEBUG:root:Order:11 14 2
DEBUG:root:Order:11 5 2
DEBUG:root:Order:11 19 1
DEBUG:root:Order:11 4 2
DEBUG:root:Order:13 4 2
DEBUG:root:Finish turn

DEBUG:root:Order:2 5 4
DEBUG:root:Order:4 5 4
DEBUG:root:Order:13 5 3
DEBUG:root:Order:13 11 1
DEBUG:root:Order:13 19 3
DEBUG:root:Order:14 19 2
DEBUG:root:Order:9 19 1
DEBUG:root:Finish turn

DEBUG:root:Order:19 9 4
DEBUG:root:Order:2 9 3
DEBUG:root:Order:5 9 2
DEBUG:root:Order:14 9 2
DEBUG:root:Order:11 9 1
DEBUG:root:Finish turn

DEBUG:root:Order:2 13 4
DEBUG:root:Order:5 13 4
DEBUG:root:Order:11 13 3
DEBUG:root:Order:14 13 3
DEBUG:root:Order:14 9 2
DEBUG:root:Finish turn

DEBUG:root:Order:2 9 7
DEBUG:root:Order:5 9 7
DEBUG:root:Order:11 9 3
DEBUG:root:Order:11 8 6
DEBUG:root:Order:4 8 5
DEBUG:root:Order:13 8 5
DEBUG:root:Order:13 0 4
DEBUG:root:Finish turn

DEBUG:root:Order:14 8 3
DEBUG:root:Order:14 0 2
DEBUG:root:Order:14 13 2
DEBUG:root:Order:14 9 1
DEBUG:root:Order:14 11 1
DEBUG:root:Order:14 4 5
DEBUG:root:Order:2 4 2
DEBUG:root:Order:5 4 2
DEBUG:root:Order:19 4 1
DEBUG:root:Finish turn

DEBUG:root:Order:4 14 7
DEBUG:root:Order:4 8 5
DEBUG:root:Order:4 0 2
DEBUG:root:Order:4 9 1
DEBUG:root:Order:4 19 1
DEBUG:root:Finish turn

DEBUG:root:Order:2 4 5
DEBUG:root:Order:5 4 2
DEBUG:root:Order:5 8 5
DEBUG:root:Order:5 0 1
DEBUG:root:Order:5 19 1
DEBUG:root:Order:5 9 5
DEBUG:root:Order:11 9 2
DEBUG:root:Order:13 9 2
DEBUG:root:Order:14 9 1
DEBUG:root:Finish turn

DEBUG:root:Order:9 8 7
DEBUG:root:Order:9 5 5
DEBUG:root:Order:9 0 1
DEBUG:root:Order:9 19 1
DEBUG:root:Order:9 4 9
DEBUG:root:Order:2 4 3
DEBUG:root:Order:11 4 2
DEBUG:root:Order:13 4 2
DEBUG:root:Order:14 4 2
DEBUG:root:Finish turn

DEBUG:root:Order:4 9 14
DEBUG:root:Bad order:4 4.0 9
DEBUG:root:Order:4 0 2
DEBUG:root:Finish turn

DEBUG:root:Order:2 8 5
DEBUG:root:Order:5 8 4
DEBUG:root:Order:11 8 3
DEBUG:root:Order:13 8 3
DEBUG:root:Order:14 8 3
DEBUG:root:Finish turn

DEBUG:root:Order:2 8 4
DEBUG:root:Order:5 8 4
DEBUG:root:Order:11 8 3
DEBUG:root:Order:11 19 3
DEBUG:root:Order:13 19 3
DEBUG:root:Order:14 19 1
DEBUG:root:Order:14 0 1
DEBUG:root:Finish turn

DEBUG:root:Order:2 8 3
DEBUG:root:Order:5 8 3
DEBUG:root:Order:14 8 3
DEBUG:root:Order:13 8 2
DEBUG:root:Order:4 8 1
DEBUG:root:Finish turn

DEBUG:root:Order:2 19 4
DEBUG:root:Order:5 19 4
DEBUG:root:Order:13 19 3
DEBUG:root:Order:14 19 3
DEBUG:root:Order:11 19 2
DEBUG:root:Order:11 0 1
DEBUG:root:Order:11 8 1
DEBUG:root:Finish turn

DEBUG:root:Order:2 19 4
DEBUG:root:Order:5 19 4
DEBUG:root:Order:13 19 3
DEBUG:root:Order:14 19 3
DEBUG:root:Order:4 19 2
DEBUG:root:Order:9 19 2
DEBUG:root:Order:11 19 1
DEBUG:root:Finish turn

DEBUG:root:Order:2 19 4
DEBUG:root:Order:5 19 4
DEBUG:root:Order:11 19 3
DEBUG:root:Order:13 19 3
DEBUG:root:Order:14 19 3
DEBUG:root:Order:4 19 1
DEBUG:root:Order:9 19 1
DEBUG:root:Finish turn

DEBUG:root:Order:2 19 6
DEBUG:root:Order:5 19 6
DEBUG:root:Order:11 19 5
DEBUG:root:Order:13 19 5
DEBUG:root:Order:14 19 5
DEBUG:root:Order:4 19 3
DEBUG:root:Order:9 19 3
DEBUG:root:Order:0 19 1
DEBUG:root:Order:8 19 1
DEBUG:root:Finish turn

DEBUG:root:Order:2 19 5
DEBUG:root:Order:5 19 5
DEBUG:root:Order:11 19 4
DEBUG:root:Order:13 19 4
DEBUG:root:Order:14 19 4
DEBUG:root:Order:4 19 2
DEBUG:root:Order:9 19 2
DEBUG:root:Order:0 19 1
DEBUG:root:Order:8 19 1
DEBUG:root:Finish turn

DEBUG:root:Order:9 17 69.0
DEBUG:root:Order:2 9 14
DEBUG:root:Order:5 9 14
DEBUG:root:Order:11 9 13
DEBUG:root:Order:13 9 13
DEBUG:root:Order:14 9 3
DEBUG:root:Order:14 19 13
DEBUG:root:Order:4 19 11
DEBUG:root:Order:0 19 10
DEBUG:root:Order:8 19 6
DEBUG:root:Finish turn

DEBUG:root:Order:2 19 4
DEBUG:root:Order:5 19 4
DEBUG:root:Order:8 19 4
DEBUG:root:Order:11 19 3
DEBUG:root:Order:13 19 3
DEBUG:root:Order:4 19 1
DEBUG:root:Finish turn

DEBUG:root:Order:2 9 3
DEBUG:root:Order:5 9 3
DEBUG:root:Order:11 9 2
DEBUG:root:Order:13 9 2
DEBUG:root:Order:14 9 1
DEBUG:root:Order:14 19 2
DEBUG:root:Finish turn

DEBUG:root:Order:2 13 6
DEBUG:root:Order:5 13 6
DEBUG:root:Order:11 13 5
DEBUG:root:Order:14 13 4
DEBUG:root:Order:4 13 3
DEBUG:root:Order:9 13 2
DEBUG:root:Order:0 13 1
DEBUG:root:Order:8 13 1
DEBUG:root:Finish turn

DEBUG:root:Order:2 9 4
DEBUG:root:Order:5 9 4
DEBUG:root:Order:11 9 3
DEBUG:root:Order:14 9 3
DEBUG:root:Order:4 9 1
DEBUG:root:Finish turn

DEBUG:root:Order:19 18 69.0
DEBUG:root:Order:2 19 11
DEBUG:root:Order:5 19 11
DEBUG:root:Order:11 19 10
DEBUG:root:Order:14 19 10
DEBUG:root:Order:4 19 8
DEBUG:root:Order:0 19 7
DEBUG:root:Order:8 19 7
DEBUG:root:Order:8 9 7
DEBUG:root:Order:13 9 4
DEBUG:root:Finish turn

DEBUG:root:Order:13 8 4
DEBUG:root:Order:2 8 2
DEBUG:root:Order:5 8 2
DEBUG:root:Order:5 19 2
DEBUG:root:Order:5 0 1
DEBUG:root:Order:5 4 2
DEBUG:root:Order:11 4 1
DEBUG:root:Order:14 4 1
DEBUG:root:Finish turn

DEBUG:root:Order:2 19 5
DEBUG:root:Order:4 19 5
DEBUG:root:Order:11 19 4
DEBUG:root:Order:13 19 4
DEBUG:root:Order:14 19 4
DEBUG:root:Finish turn

DEBUG:root:Order:2 5 7
DEBUG:root:Order:11 5 6
DEBUG:root:Bad order:13 5.0 6
DEBUG:root:Order:14 5 6
DEBUG:root:Order:4 5 4
DEBUG:root:Order:0 5 3
DEBUG:root:Order:8 5 3
DEBUG:root:Finish turn

DEBUG:root:Order:19 21 76.0
DEBUG:root:Order:2 19 11
DEBUG:root:Order:11 19 10
DEBUG:root:Order:14 19 10
DEBUG:root:Order:13 19 9
DEBUG:root:Order:4 19 8
DEBUG:root:Order:0 19 7
DEBUG:root:Order:5 19 7
DEBUG:root:Order:8 19 7
DEBUG:root:Finish turn

DEBUG:root:Order:2 13 3
DEBUG:root:Order:5 13 3
DEBUG:root:Order:11 13 2
DEBUG:root:Order:14 13 2
DEBUG:root:Order:14 19 2
DEBUG:root:Finish turn

DEBUG:root:Order:13 17 1.0
DEBUG:root:Order:2 9 6
DEBUG:root:Order:5 9 6
DEBUG:root:Order:11 9 5
DEBUG:root:Order:4 9 3
DEBUG:root:Order:14 9 3
DEBUG:root:Order:0 9 1
DEBUG:root:Order:8 9 1
DEBUG:root:Order:8 13 1
DEBUG:root:Finish turn

DEBUG:root:Order:2 13 3
DEBUG:root:Order:5 13 3
DEBUG:root:Order:11 13 2
DEBUG:root:Order:14 13 2
DEBUG:root:Finish turn

DEBUG:root:Order:19 22 76.0
DEBUG:root:Order:2 19 12
DEBUG:root:Order:5 19 12
DEBUG:root:Order:11 19 11
DEBUG:root:Order:14 19 11
DEBUG:root:Order:4 19 9
DEBUG:root:Order:9 19 8
DEBUG:root:Order:0 19 5
DEBUG:root:Order:0 13 7
DEBUG:root:Order:8 13 3
DEBUG:root:Finish turn

DEBUG:root:Order:2 8 4
DEBUG:root:Order:5 8 4
DEBUG:root:Order:11 8 3
DEBUG:root:Order:14 8 3
DEBUG:root:Order:13 8 2
DEBUG:root:Order:4 8 1
DEBUG:root:Order:9 8 1
DEBUG:root:Order:9 0 1
DEBUG:root:Finish turn

DEBUG:root:Order:2 0 2
DEBUG:root:Order:5 0 2
DEBUG:root:Order:11 0 1
DEBUG:root:Order:11 8 1
DEBUG:root:Order:13 8 1
DEBUG:root:Order:13 19 1
DEBUG:root:Order:14 19 1
DEBUG:root:Order:14 9 1
DEBUG:root:Order:14 4 1
DEBUG:root:Finish turn

DEBUG:root:Order:2 18 12
DEBUG:root:Order:5 18 12
DEBUG:root:Order:11 18 10
DEBUG:root:Order:13 18 10
DEBUG:root:Order:4 18 9
DEBUG:root:Order:14 18 9
DEBUG:root:Order:9 18 8
DEBUG:root:Order:8 18 7
DEBUG:root:Order:19 18 4
DEBUG:root:Order:19 0 7
DEBUG:root:Finish turn

DEBUG:root:Order:2 0 3
DEBUG:root:Order:5 0 3
DEBUG:root:Order:5 19 3
DEBUG:root:Order:11 19 2
DEBUG:root:Order:11 8 1
DEBUG:root:Finish turn

DEBUG:root:Order:13 0 5
DEBUG:root:Order:14 0 5
DEBUG:root:Order:2 0 4
DEBUG:root:Order:11 0 2
DEBUG:root:Order:4 0 1
DEBUG:root:Order:5 0 1
DEBUG:root:Order:9 0 1
DEBUG:root:Finish turn

DEBUG:root:Order:2 0 4
DEBUG:root:Order:5 0 4
DEBUG:root:Order:11 0 3
DEBUG:root:Order:13 0 3
DEBUG:root:Order:14 0 3
DEBUG:root:Order:4 0 1
DEBUG:root:Order:9 0 1
DEBUG:root:Finish turn

DEBUG:root:Order:2 13 3
DEBUG:root:Order:5 13 3
DEBUG:root:Order:11 13 2
DEBUG:root:Order:14 13 2
DEBUG:root:Finish turn

DEBUG:root:Order:2 22 5
DEBUG:root:Order:5 22 5
DEBUG:root:Order:11 22 4
DEBUG:root:Order:14 22 4
DEBUG:root:Order:14 19 4
DEBUG:root:Order:4 19 2
DEBUG:root:Order:9 19 2
DEBUG:root:Finish turn

DEBUG:root:Order:2 21 4
DEBUG:root:Order:5 21 4
DEBUG:root:Order:11 21 3
DEBUG:root:Order:13 21 3
DEBUG:root:Order:4 21 1
DEBUG:root:Order:9 21 1
DEBUG:root:Finish turn

DEBUG:root:Order:2 19 2
DEBUG:root:Order:5 19 2
DEBUG:root:Order:11 19 1
DEBUG:root:Order:11 21 1
DEBUG:root:Order:13 21 1
DEBUG:root:Finish turn

DEBUG:root:Order:2 8 3
DEBUG:root:Order:2 19 2
DEBUG:root:Order:2 21 2
DEBUG:root:Order:2 4 1
DEBUG:root:Order:2 9 1
DEBUG:root:Order:2 13 1
DEBUG:root:Finish turn

DEBUG:root:Order:5 19 5
DEBUG:root:Order:14 19 3
DEBUG:root:Order:11 19 2
DEBUG:root:Order:11 2 2
DEBUG:root:Order:13 2 1
DEBUG:root:Order:22 2 1
DEBUG:root:Order:22 8 1
DEBUG:root:Order:22 4 1
DEBUG:root:Finish turn

DEBUG:root:Order:5 0 6
DEBUG:root:Order:2 0 5
DEBUG:root:Order:13 0 5
DEBUG:root:Order:14 0 5
DEBUG:root:Order:4 0 1
DEBUG:root:Order:4 21 3
DEBUG:root:Order:11 21 3
DEBUG:root:Order:9 21 2
DEBUG:root:Order:22 21 2
DEBUG:root:Finish turn

DEBUG:root:Order:2 21 3
DEBUG:root:Order:5 21 3
DEBUG:root:Order:11 21 2
DEBUG:root:Order:13 21 2
DEBUG:root:Order:14 21 2
DEBUG:root:Order:22 21 1
DEBUG:root:Finish turn

DEBUG:root:Order:2 22 4
DEBUG:root:Order:5 22 4
DEBUG:root:Order:11 22 3
DEBUG:root:Order:13 22 3
DEBUG:root:Order:14 22 3
DEBUG:root:Order:9 22 1
DEBUG:root:Order:9 21 1
DEBUG:root:Finish turn

DEBUG:root:Order:2 21 4
DEBUG:root:Order:5 21 4
DEBUG:root:Order:11 21 3
DEBUG:root:Order:13 21 3
DEBUG:root:Order:14 21 3
DEBUG:root:Order:4 21 1
DEBUG:root:Order:22 21 1
DEBUG:root:Finish turn

DEBUG:root:Order:2 21 5
DEBUG:root:Order:5 21 5
DEBUG:root:Order:11 21 4
DEBUG:root:Order:13 21 4
DEBUG:root:Order:14 21 4
DEBUG:root:Order:22 21 3
DEBUG:root:Order:4 21 2
DEBUG:root:Order:9 21 2
DEBUG:root:Order:8 21 1
DEBUG:root:Order:19 21 1
DEBUG:root:Finish turn

DEBUG:root:Order:2 19 6
DEBUG:root:Order:5 19 6
DEBUG:root:Order:11 19 5
DEBUG:root:Order:13 19 5
DEBUG:root:Order:14 19 5
DEBUG:root:Order:22 19 4
DEBUG:root:Order:4 19 3
DEBUG:root:Order:9 19 2
DEBUG:root:Order:9 21 3
DEBUG:root:Order:8 21 1
DEBUG:root:Finish turn

DEBUG:root:Order:2 13 5
DEBUG:root:Order:5 13 5
DEBUG:root:Order:11 13 4
DEBUG:root:Order:14 13 4
DEBUG:root:Order:22 13 3
DEBUG:root:Order:4 13 2
DEBUG:root:Order:8 13 2
DEBUG:root:Order:21 13 2
DEBUG:root:Finish turn

DEBUG:root:Order:2 21 7
DEBUG:root:Order:5 21 7
DEBUG:root:Order:11 21 6
DEBUG:root:Order:14 21 6
DEBUG:root:Order:22 21 5
DEBUG:root:Order:4 21 4
DEBUG:root:Order:9 21 4
DEBUG:root:Order:8 21 3
DEBUG:root:Order:19 21 3
DEBUG:root:Finish turn

DEBUG:root:Order:2 0 3
DEBUG:root:Order:5 0 3
DEBUG:root:Order:11 0 2
DEBUG:root:Order:13 0 2
DEBUG:root:Order:14 0 2
DEBUG:root:Order:22 0 1
DEBUG:root:Finish turn

DEBUG:root:Order:2 19 3
DEBUG:root:Order:5 19 3
DEBUG:root:Order:11 19 2
DEBUG:root:Order:11 0 2
DEBUG:root:Order:13 0 2
DEBUG:root:Order:13 8 1
DEBUG:root:Order:13 21 1
DEBUG:root:Finish turn

DEBUG:root:Order:14 19 4
DEBUG:root:Order:2 19 3
DEBUG:root:Order:5 19 3
DEBUG:root:Order:22 19 2
DEBUG:root:Finish turn

DEBUG:root:Order:2 13 7
DEBUG:root:Order:5 13 7
DEBUG:root:Order:11 13 6
DEBUG:root:Order:14 13 6
DEBUG:root:Order:21 13 5
DEBUG:root:Order:22 13 5
DEBUG:root:Order:4 13 4
DEBUG:root:Order:9 13 4
DEBUG:root:Order:0 13 1
DEBUG:root:Order:8 13 1
DEBUG:root:Finish turn

DEBUG:root:Order:2 0 4
DEBUG:root:Order:5 0 4
DEBUG:root:Order:11 0 3
DEBUG:root:Order:14 0 3
DEBUG:root:Order:21 0 2
DEBUG:root:Order:22 0 2
DEBUG:root:Order:4 0 1
DEBUG:root:Order:9 0 1
DEBUG:root:Finish turn

DEBUG:root:Order:2 0 4
DEBUG:root:Order:5 0 4
DEBUG:root:Order:11 0 3
DEBUG:root:Order:14 0 3
DEBUG:root:Order:21 0 2
DEBUG:root:Order:22 0 2
DEBUG:root:Order:4 0 1
DEBUG:root:Order:9 0 1
DEBUG:root:Order:13 0 1
DEBUG:root:Finish turn

DEBUG:root:Order:2 13 4
DEBUG:root:Order:5 13 4
DEBUG:root:Order:11 13 3
DEBUG:root:Order:14 13 3
DEBUG:root:Order:21 13 2
DEBUG:root:Order:22 13 2
DEBUG:root:Order:4 13 1
DEBUG:root:Order:9 13 1
DEBUG:root:Order:9 0 1
DEBUG:root:Finish turn

DEBUG:root:Order:2 0 5
DEBUG:root:Order:5 0 5
DEBUG:root:Order:11 0 4
DEBUG:root:Order:14 0 4
DEBUG:root:Order:13 0 3
DEBUG:root:Order:22 0 3
DEBUG:root:Order:4 0 2
DEBUG:root:Order:8 0 1
DEBUG:root:Order:9 0 1
DEBUG:root:Order:19 0 1
DEBUG:root:Finish turn

DEBUG:root:Order:2 0 2
DEBUG:root:Order:5 0 2
DEBUG:root:Order:11 0 1
DEBUG:root:Order:14 0 1
DEBUG:root:Finish turn

DEBUG:root:Order:2 0 4
DEBUG:root:Order:5 0 4
DEBUG:root:Order:11 0 3
DEBUG:root:Order:14 0 3
DEBUG:root:Order:22 0 2
DEBUG:root:Finish turn

DEBUG:root:Order:2 0 4
DEBUG:root:Order:5 0 4
DEBUG:root:Order:11 0 3
DEBUG:root:Order:14 0 3
DEBUG:root:Order:22 0 2
DEBUG:root:Order:4 0 1
DEBUG:root:Order:9 0 1
DEBUG:root:Finish turn

DEBUG:root:Order:2 0 5
DEBUG:root:Order:5 0 5
DEBUG:root:Order:11 0 4
DEBUG:root:Order:14 0 4
DEBUG:root:Order:22 0 3
DEBUG:root:Order:4 0 2
DEBUG:root:Order:9 0 1
DEBUG:root:Order:9 8 2
DEBUG:root:Finish turn

DEBUG:root:Order:2 0 5
DEBUG:root:Order:5 0 5
DEBUG:root:Order:11 0 4
DEBUG:root:Order:14 0 4
DEBUG:root:Order:22 0 3
DEBUG:root:Order:4 0 2
DEBUG:root:Order:8 0 2
DEBUG:root:Order:9 0 1
DEBUG:root:Finish turn

DEBUG:root:Order:2 8 10
DEBUG:root:Order:5 8 10
DEBUG:root:Order:11 8 9
DEBUG:root:Order:14 8 9
DEBUG:root:Order:22 8 8
DEBUG:root:Order:4 8 7
DEBUG:root:Order:9 8 1
DEBUG:root:Order:9 21 7
DEBUG:root:Order:19 21 6
DEBUG:root:Order:0 21 1
DEBUG:root:Finish turn

DEBUG:root:Order:2 8 2
DEBUG:root:Order:2 0 1
DEBUG:root:Order:2 9 1
DEBUG:root:Order:2 19 1
DEBUG:root:Order:2 4 2
DEBUG:root:Order:5 4 2
DEBUG:root:Order:11 4 1
DEBUG:root:Order:14 4 1
DEBUG:root:Finish turn

DEBUG:root:Order:4 21 6
DEBUG:root:Order:5 21 4
DEBUG:root:Order:11 21 3
DEBUG:root:Order:14 21 1
DEBUG:root:Order:14 0 1
DEBUG:root:Order:14 2 1
DEBUG:root:Order:14 8 1
DEBUG:root:Order:14 19 1
DEBUG:root:Finish turn

DEBUG:root:Order:2 21 5
DEBUG:root:Order:5 21 5
DEBUG:root:Order:22 21 5
DEBUG:root:Order:11 21 4
DEBUG:root:Order:4 21 2
DEBUG:root:Order:9 21 2
DEBUG:root:Order:14 21 2
DEBUG:root:Order:0 21 1
DEBUG:root:Order:19 21 1
DEBUG:root:Finish turn

DEBUG:root:Order:2 21 6
DEBUG:root:Order:5 21 6
DEBUG:root:Order:11 21 5
DEBUG:root:Order:14 21 5
DEBUG:root:Order:22 21 4
DEBUG:root:Order:4 21 3
DEBUG:root:Order:9 21 3
DEBUG:root:Order:0 21 2
DEBUG:root:Order:19 21 2
DEBUG:root:Finish turn

DEBUG:root:Order:2 21 7
DEBUG:root:Order:5 21 7
DEBUG:root:Order:11 21 6
DEBUG:root:Order:14 21 6
DEBUG:root:Order:22 21 5
DEBUG:root:Order:4 21 4
DEBUG:root:Order:9 21 4
DEBUG:root:Order:0 21 3
DEBUG:root:Order:19 21 3
DEBUG:root:Finish turn

DEBUG:root:Order:2 0 3
DEBUG:root:Order:5 0 3
DEBUG:root:Order:11 0 1
DEBUG:root:Order:11 21 2
DEBUG:root:Order:14 21 2
DEBUG:root:Order:22 21 1
DEBUG:root:Order:22 19 1
DEBUG:root:Finish turn

DEBUG:root:Order:2 0 2
DEBUG:root:Order:2 19 1
DEBUG:root:Order:2 4 2
DEBUG:root:Order:5 4 2
DEBUG:root:Order:14 4 1
DEBUG:root:Finish turn

DEBUG:root:Order:4 0 8
DEBUG:root:Order:5 0 7
DEBUG:root:Order:11 0 6
DEBUG:root:Order:14 0 6
DEBUG:root:Order:2 0 4
DEBUG:root:Order:22 0 4
DEBUG:root:Order:9 0 3
DEBUG:root:Order:19 0 2
DEBUG:root:Finish turn

DEBUG:root:Order:2 0 8
DEBUG:root:Order:5 0 8
DEBUG:root:Order:11 0 7
DEBUG:root:Order:14 0 7
DEBUG:root:Order:22 0 6
DEBUG:root:Order:4 0 5
DEBUG:root:Order:9 0 5
DEBUG:root:Order:19 0 4
DEBUG:root:Finish turn

DEBUG:root:Order:2 4 8
DEBUG:root:Order:5 4 8
DEBUG:root:Order:11 4 7
DEBUG:root:Order:14 4 7
DEBUG:root:Order:22 4 6
DEBUG:root:Order:9 4 5
DEBUG:root:Order:19 4 4
DEBUG:root:Finish turn

DEBUG:root:Order:2 4 8
DEBUG:root:Order:5 4 8
DEBUG:root:Order:11 4 7
DEBUG:root:Order:14 4 7
DEBUG:root:Order:22 4 6
DEBUG:root:Order:9 4 5
DEBUG:root:Order:19 4 4
DEBUG:root:Order:8 4 2
DEBUG:root:Finish turn

DEBUG:root:Order:2 8 3
DEBUG:root:Order:5 8 3
DEBUG:root:Order:0 8 2
DEBUG:root:Order:11 8 2
DEBUG:root:Order:14 8 2
DEBUG:root:Order:14 4 2
DEBUG:root:Order:22 4 1
DEBUG:root:Finish turn

DEBUG:root:Order:2 8 4
DEBUG:root:Order:5 8 4
DEBUG:root:Order:11 8 3
DEBUG:root:Order:22 8 2
DEBUG:root:Order:22 4 2
DEBUG:root:Order:22 19 2
DEBUG:root:Order:9 19 1
DEBUG:root:Order:14 19 1
DEBUG:root:Finish turn

DEBUG:root:Order:2 14 8
DEBUG:root:Order:5 14 8
DEBUG:root:Order:11 14 7
DEBUG:root:Order:19 14 7
DEBUG:root:Order:9 14 5
DEBUG:root:Order:4 14 4
DEBUG:root:Order:8 14 3
DEBUG:root:Order:22 14 2
DEBUG:root:Finish turn

DEBUG:root:Order:2 8 5
DEBUG:root:Order:5 8 5
DEBUG:root:Order:11 8 4
DEBUG:root:Order:14 8 3
DEBUG:root:Order:22 8 3
DEBUG:root:Order:4 8 2
DEBUG:root:Order:9 8 2
DEBUG:root:Order:19 8 1
DEBUG:root:Finish turn

DEBUG:root:Order:2 19 6
DEBUG:root:Order:5 19 6
DEBUG:root:Order:11 19 5
DEBUG:root:Order:14 19 5
DEBUG:root:Order:22 19 4
DEBUG:root:Order:4 19 3
DEBUG:root:Order:9 19 3
DEBUG:root:Order:0 19 1
DEBUG:root:Finish turn

DEBUG:root:Order:2 19 3
DEBUG:root:Order:5 19 3
DEBUG:root:Order:11 19 1
DEBUG:root:Order:11 0 2
DEBUG:root:Order:14 0 2
DEBUG:root:Order:22 0 1
DEBUG:root:Finish turn

DEBUG:root:Order:2 0 3
DEBUG:root:Order:5 0 3
DEBUG:root:Order:14 0 2
DEBUG:root:Order:14 8 2
DEBUG:root:Order:11 8 1
DEBUG:root:Order:11 19 1
DEBUG:root:Finish turn

DEBUG:root:Order:2 0 3
DEBUG:root:Order:5 0 3
DEBUG:root:Order:22 0 2
DEBUG:root:Order:11 0 1
DEBUG:root:Finish turn

DEBUG:root:Order:2 0 4
DEBUG:root:Order:5 0 4
DEBUG:root:Order:11 0 3
DEBUG:root:Order:14 0 3
DEBUG:root:Order:14 8 2
DEBUG:root:Order:14 19 2
DEBUG:root:Finish turn

DEBUG:root:Order:2 0 3
DEBUG:root:Order:5 0 3
DEBUG:root:Order:22 0 3
DEBUG:root:Order:11 0 2
DEBUG:root:Order:4 0 1
DEBUG:root:Order:4 8 1
DEBUG:root:Order:9 8 1
DEBUG:root:Finish turn

DEBUG:root:Order:2 0 8
DEBUG:root:Order:5 0 8
DEBUG:root:Order:11 0 7
DEBUG:root:Order:22 0 6
DEBUG:root:Order:8 0 5
DEBUG:root:Order:9 0 5
DEBUG:root:Order:4 0 4
DEBUG:root:Order:19 0 3
DEBUG:root:Finish turn

DEBUG:root:Order:2 0 3
DEBUG:root:Order:5 0 3
DEBUG:root:Order:11 0 2
DEBUG:root:Order:11 8 2
DEBUG:root:Order:22 8 1
DEBUG:root:Finish turn

DEBUG:root:Order:2 0 5
DEBUG:root:Order:5 0 5
DEBUG:root:Order:8 0 3
DEBUG:root:Order:22 0 3
DEBUG:root:Order:4 0 2
DEBUG:root:Order:9 0 2
DEBUG:root:Order:11 0 2
DEBUG:root:Finish turn

DEBUG:root:Order:2 0 10
DEBUG:root:Order:5 0 10
DEBUG:root:Order:11 0 9
DEBUG:root:Order:22 0 8
DEBUG:root:Order:4 0 7
DEBUG:root:Order:9 0 7
DEBUG:root:Order:8 0 1
DEBUG:root:Order:8 14 6
DEBUG:root:Order:19 14 5
DEBUG:root:Finish turn

DEBUG:root:Order:2 0 4
DEBUG:root:Order:5 0 4
DEBUG:root:Order:11 0 3
DEBUG:root:Order:14 0 2
DEBUG:root:Order:22 0 2
DEBUG:root:Order:4 0 1
DEBUG:root:Order:9 0 1
DEBUG:root:Order:19 0 1
DEBUG:root:Finish turn

DEBUG:root:Order:2 0 3
DEBUG:root:Order:5 0 3
DEBUG:root:Order:11 0 2
DEBUG:root:Order:14 0 1
DEBUG:root:Order:14 8 1
DEBUG:root:Order:14 19 2
DEBUG:root:Order:22 19 1
DEBUG:root:Finish turn

DEBUG:root:Order:2 22 7
DEBUG:root:Order:5 22 7
DEBUG:root:Order:11 22 6
DEBUG:root:Order:19 22 5
DEBUG:root:Order:4 22 4
DEBUG:root:Order:9 22 4
DEBUG:root:Order:14 22 4
DEBUG:root:Order:0 22 2
DEBUG:root:Order:8 22 2
DEBUG:root:Finish turn

DEBUG:root:Order:2 0 5
DEBUG:root:Order:5 0 5
DEBUG:root:Order:11 0 4
DEBUG:root:Order:14 0 4
DEBUG:root:Order:4 0 2
DEBUG:root:Order:4 22 2
DEBUG:root:Order:9 22 2
DEBUG:root:Order:8 22 1
DEBUG:root:Finish turn

DEBUG:root:Order:2 4 2
DEBUG:root:Order:2 8 1
DEBUG:root:Order:2 9 2
DEBUG:root:Order:5 9 2
DEBUG:root:Order:11 9 1
DEBUG:root:Order:14 9 1
DEBUG:root:Finish turn

DEBUG:root:Order:9 14 8
DEBUG:root:Order:5 14 6
DEBUG:root:Order:11 14 5
DEBUG:root:Order:2 14 3
DEBUG:root:Order:22 14 3
DEBUG:root:Order:4 14 2
DEBUG:root:Order:8 14 1
DEBUG:root:Order:19 14 1
DEBUG:root:Finish turn

DEBUG:root:Order:2 14 7
DEBUG:root:Order:5 14 7
DEBUG:root:Order:11 14 6
DEBUG:root:Order:22 14 5
DEBUG:root:Order:4 14 4
DEBUG:root:Order:9 14 4
DEBUG:root:Order:8 14 3
DEBUG:root:Order:19 14 3
DEBUG:root:Finish turn

DEBUG:root:Order:2 14 8
DEBUG:root:Order:5 14 8
DEBUG:root:Order:11 14 7
DEBUG:root:Order:22 14 6
DEBUG:root:Order:4 14 5
DEBUG:root:Order:9 14 5
DEBUG:root:Order:8 14 4
DEBUG:root:Order:19 14 4
DEBUG:root:Finish turn

DEBUG:root:Order:2 9 7
DEBUG:root:Order:5 9 7
DEBUG:root:Order:11 9 6
DEBUG:root:Order:22 9 5
DEBUG:root:Order:4 9 4
DEBUG:root:Order:8 9 3
DEBUG:root:Order:14 9 3
DEBUG:root:Order:19 9 3
DEBUG:root:Finish turn

DEBUG:root:Order:2 9 7
DEBUG:root:Order:5 9 7
DEBUG:root:Order:11 9 6
DEBUG:root:Order:14 9 6
DEBUG:root:Order:4 9 4
DEBUG:root:Order:8 9 3
DEBUG:root:Order:19 9 3
DEBUG:root:Finish turn

DEBUG:root:Order:2 8 7
DEBUG:root:Order:5 8 7
DEBUG:root:Order:11 8 6
DEBUG:root:Order:14 8 6
DEBUG:root:Order:4 8 4
DEBUG:root:Order:19 8 3
DEBUG:root:Order:9 8 1
DEBUG:root:Finish turn

DEBUG:root:Order:2 8 7
DEBUG:root:Order:5 8 7
DEBUG:root:Order:11 8 6
DEBUG:root:Order:14 8 6
DEBUG:root:Order:4 8 4
DEBUG:root:Order:9 8 4
DEBUG:root:Order:19 8 3
DEBUG:root:Finish turn

DEBUG:root:Order:2 14 3
DEBUG:root:Order:5 14 3
DEBUG:root:Order:11 14 1
DEBUG:root:Order:11 8 2
DEBUG:root:Finish turn

DEBUG:root:Order:2 14 3
DEBUG:root:Order:5 14 3
DEBUG:root:Order:11 14 1
DEBUG:root:Finish turn

DEBUG:root:Order:2 19 8
DEBUG:root:Order:5 19 8
DEBUG:root:Order:11 19 7
DEBUG:root:Order:4 19 5
DEBUG:root:Order:9 19 5
DEBUG:root:Order:8 19 1
DEBUG:root:Order:8 22 4
DEBUG:root:Finish turn

DEBUG:root:Order:2 22 3
DEBUG:root:Order:5 22 3
DEBUG:root:Order:11 22 1
DEBUG:root:Order:11 8 1
DEBUG:root:Order:11 19 1
DEBUG:root:Finish turn

DEBUG:root:Order:2 22 5
DEBUG:root:Order:5 22 5
DEBUG:root:Order:11 22 3
DEBUG:root:Order:11 14 3
DEBUG:root:Order:4 14 2
DEBUG:root:Order:9 14 2
DEBUG:root:Finish turn

DEBUG:root:Order:2 22 6
DEBUG:root:Order:5 22 6
DEBUG:root:Order:14 22 4
DEBUG:root:Order:4 22 3
DEBUG:root:Order:9 22 3
DEBUG:root:Order:8 22 2
DEBUG:root:Order:11 22 2
DEBUG:root:Order:19 22 2
DEBUG:root:Finish turn

DEBUG:root:Order:2 22 8
DEBUG:root:Order:5 22 8
DEBUG:root:Order:11 22 7
DEBUG:root:Order:14 22 7
DEBUG:root:Order:4 22 5
DEBUG:root:Order:4 0 5
DEBUG:root:Order:9 0 5
DEBUG:root:Order:8 0 4
DEBUG:root:Order:19 0 4
DEBUG:root:Finish turn

DEBUG:root:Order:2 0 3
DEBUG:root:Order:5 0 2
DEBUG:root:Order:5 4 3
DEBUG:root:Order:11 4 1
DEBUG:root:Order:11 8 2
DEBUG:root:Order:14 8 2
DEBUG:root:Finish turn

DEBUG:root:Order:2 0 2
DEBUG:root:Order:8 0 1
DEBUG:root:Order:14 0 1
DEBUG:root:Finish turn

DEBUG:root:Order:2 19 2
DEBUG:root:Order:5 19 2
DEBUG:root:Order:5 4 2
DEBUG:root:Order:5 8 1
DEBUG:root:Order:5 9 1
DEBUG:root:Finish turn

DEBUG:root:Order:2 22 9
DEBUG:root:Order:11 22 9
DEBUG:root:Order:14 22 9
DEBUG:root:Order:4 22 5
DEBUG:root:Order:5 22 5
DEBUG:root:Order:9 22 5
DEBUG:root:Order:8 22 4
DEBUG:root:Order:19 22 4
DEBUG:root:Finish turn

DEBUG:root:Order:2 19 6
DEBUG:root:Order:5 19 6
DEBUG:root:Order:11 19 5
DEBUG:root:Order:14 19 5
DEBUG:root:Order:4 19 3
DEBUG:root:Order:9 19 3
DEBUG:root:Order:9 22 1
DEBUG:root:Finish turn

DEBUG:root:Order:2 19 5
DEBUG:root:Order:5 19 5
DEBUG:root:Order:11 19 4
DEBUG:root:Order:14 19 4
DEBUG:root:Order:8 19 3
DEBUG:root:Order:4 19 2
DEBUG:root:Order:22 19 2
DEBUG:root:Order:9 19 1
DEBUG:root:Finish turn

DEBUG:root:Order:2 19 5
DEBUG:root:Order:5 19 5
DEBUG:root:Order:11 19 4
DEBUG:root:Order:14 19 4
DEBUG:root:Order:4 19 2
DEBUG:root:Order:9 19 2
DEBUG:root:Order:8 19 1
DEBUG:root:Finish turn

DEBUG:root:Order:2 4 7
DEBUG:root:Order:5 4 7
DEBUG:root:Order:11 4 6
DEBUG:root:Order:14 4 6
DEBUG:root:Order:9 4 4
DEBUG:root:Order:8 4 3
DEBUG:root:Finish turn

DEBUG:root:Order:2 4 7
DEBUG:root:Order:5 4 7
DEBUG:root:Order:11 4 6
DEBUG:root:Order:14 4 6
DEBUG:root:Order:9 4 4
DEBUG:root:Order:8 4 3
DEBUG:root:Order:19 4 1
DEBUG:root:Finish turn

DEBUG:root:Order:2 11 7
DEBUG:root:Order:5 11 7
DEBUG:root:Order:14 11 6
DEBUG:root:Order:9 11 4
DEBUG:root:Order:8 11 3
DEBUG:root:Order:19 11 3
DEBUG:root:Finish turn

DEBUG:root:Order:2 11 7
DEBUG:root:Order:5 11 7
DEBUG:root:Order:14 11 6
DEBUG:root:Order:9 11 4
DEBUG:root:Order:4 11 3
DEBUG:root:Order:8 11 3
DEBUG:root:Order:19 11 3
DEBUG:root:Finish turn

DEBUG:root:Order:5 2 7
DEBUG:root:Order:14 2 6
DEBUG:root:Order:4 2 4
DEBUG:root:Order:9 2 4
DEBUG:root:Order:11 2 4
DEBUG:root:Order:8 2 3
DEBUG:root:Order:19 2 1
DEBUG:root:Order:19 22 2
DEBUG:root:Finish turn

DEBUG:root:Order:2 0 2
DEBUG:root:Order:5 0 2
DEBUG:root:Order:11 0 1
DEBUG:root:Order:11 8 1
DEBUG:root:Order:11 19 1
DEBUG:root:Order:11 4 1
DEBUG:root:Order:14 4 1
DEBUG:root:Finish turn

DEBUG:root:Order:2 0 4
DEBUG:root:Order:5 0 4
DEBUG:root:Order:14 0 3
DEBUG:root:Order:4 0 2
DEBUG:root:Order:4 8 2
DEBUG:root:Order:22 8 2
DEBUG:root:Finish turn

DEBUG:root:Order:2 0 3
DEBUG:root:Order:5 0 3
DEBUG:root:Order:8 0 2
DEBUG:root:Order:11 0 2
DEBUG:root:Order:14 0 2
DEBUG:root:Order:22 0 1
DEBUG:root:Finish turn

DEBUG:root:Order:2 0 5
DEBUG:root:Order:5 0 5
DEBUG:root:Order:11 0 4
DEBUG:root:Order:14 0 4
DEBUG:root:Order:22 0 3
DEBUG:root:Order:9 0 2
DEBUG:root:Order:9 19 2
DEBUG:root:Order:8 19 1
DEBUG:root:Finish turn

DEBUG:root:Order:2 0 2
DEBUG:root:Order:5 0 2
DEBUG:root:Order:11 0 1
DEBUG:root:Order:14 0 1
DEBUG:root:Finish turn

DEBUG:root:Order:2 0 3
DEBUG:root:Order:5 0 3
DEBUG:root:Order:11 0 2
DEBUG:root:Order:14 0 2
DEBUG:root:Order:14 8 2
DEBUG:root:Order:14 9 2
DEBUG:root:Order:14 4 2
DEBUG:root:Order:22 4 1
DEBUG:root:Finish turn

DEBUG:root:Order:2 0 4
DEBUG:root:Order:5 0 4
DEBUG:root:Order:4 0 3
DEBUG:root:Order:4 14 3
DEBUG:root:Order:4 8 1
DEBUG:root:Order:4 19 1
DEBUG:root:Finish turn

DEBUG:root:Order:11 4 4
DEBUG:root:Order:2 4 2
DEBUG:root:Order:2 8 2
DEBUG:root:Order:2 19 2
DEBUG:root:Order:2 9 1
DEBUG:root:Finish turn

DEBUG:root:Order:5 14 8
DEBUG:root:Order:22 14 6
DEBUG:root:Order:11 14 5
DEBUG:root:Order:4 14 3
DEBUG:root:Order:9 14 3
DEBUG:root:Order:8 14 2
DEBUG:root:Order:19 14 2
DEBUG:root:Order:2 14 1
DEBUG:root:Finish turn

DEBUG:root:Order:2 8 6
DEBUG:root:Order:5 8 6
DEBUG:root:Order:11 8 5
DEBUG:root:Order:22 8 4
DEBUG:root:Order:4 8 3
DEBUG:root:Order:9 8 3
DEBUG:root:Order:19 8 2
DEBUG:root:Finish turn

DEBUG:root:Order:2 22 8
DEBUG:root:Order:5 22 8
DEBUG:root:Order:11 22 7
DEBUG:root:Order:14 22 6
DEBUG:root:Order:4 22 5
DEBUG:root:Order:9 22 5
DEBUG:root:Order:19 22 3
DEBUG:root:Order:19 8 1
DEBUG:root:Finish turn

DEBUG:root:Order:2 8 6
DEBUG:root:Order:5 8 6
DEBUG:root:Order:11 8 5
DEBUG:root:Order:14 8 5
DEBUG:root:Order:22 8 4
DEBUG:root:Order:4 8 3
DEBUG:root:Order:9 8 3
DEBUG:root:Order:19 8 2
DEBUG:root:Finish turn

DEBUG:root:Order:2 8 6
DEBUG:root:Order:5 8 6
DEBUG:root:Order:11 8 5
DEBUG:root:Order:14 8 5
DEBUG:root:Order:22 8 4
DEBUG:root:Order:4 8 3
DEBUG:root:Order:9 8 3
DEBUG:root:Order:19 8 2
DEBUG:root:Finish turn

DEBUG:root:Order:2 8 2
DEBUG:root:Order:2 19 1
DEBUG:root:Order:2 4 2
DEBUG:root:Order:5 4 2
DEBUG:root:Order:11 4 1
DEBUG:root:Finish turn

DEBUG:root:Order:4 9 8
DEBUG:root:Order:5 9 7
DEBUG:root:Order:11 9 6
DEBUG:root:Order:2 9 4
DEBUG:root:Order:8 9 2
DEBUG:root:Order:19 9 2
DEBUG:root:Finish turn

DEBUG:root:Order:2 19 8
DEBUG:root:Order:5 19 8
DEBUG:root:Order:11 19 7
DEBUG:root:Order:4 19 5
DEBUG:root:Order:8 19 4
DEBUG:root:Order:9 19 1
DEBUG:root:Finish turn

DEBUG:root:Order:2 19 7
DEBUG:root:Order:5 19 7
DEBUG:root:Order:11 19 6
DEBUG:root:Order:4 19 4
DEBUG:root:Order:9 19 4
DEBUG:root:Order:8 19 3
DEBUG:root:Finish turn

DEBUG:root:Order:2 19 7
DEBUG:root:Order:5 19 7
DEBUG:root:Order:11 19 6
DEBUG:root:Order:4 19 4
DEBUG:root:Order:9 19 4
DEBUG:root:Order:8 19 3
DEBUG:root:Finish turn

DEBUG:root:Order:2 5 8
DEBUG:root:Order:11 5 7
DEBUG:root:Order:4 5 5
DEBUG:root:Order:9 5 5
DEBUG:root:Order:8 5 3
DEBUG:root:Order:8 19 1
DEBUG:root:Finish turn

DEBUG:root:Order:2 19 11
DEBUG:root:Order:5 19 11
DEBUG:root:Order:11 19 10
DEBUG:root:Order:4 19 8
DEBUG:root:Order:9 19 8
DEBUG:root:Order:8 19 5
DEBUG:root:Order:8 14 4
DEBUG:root:Finish turn

DEBUG:root:Order:2 8 2
DEBUG:root:Order:5 8 1
DEBUG:root:Order:5 19 2
DEBUG:root:Order:5 0 1
DEBUG:root:Order:5 4 2
DEBUG:root:Order:11 4 1
DEBUG:root:Finish turn

DEBUG:root:Order:2 0 3
DEBUG:root:Order:4 0 2
DEBUG:root:Order:11 0 2
DEBUG:root:Order:14 0 1
DEBUG:root:Order:14 8 1
DEBUG:root:Order:14 19 1
DEBUG:root:Order:14 5 1
DEBUG:root:Finish turn

DEBUG:root:Order:2 14 4
DEBUG:root:Order:5 14 4
DEBUG:root:Order:11 14 3
DEBUG:root:Order:4 14 1
DEBUG:root:Order:4 0 1
DEBUG:root:Finish turn

DEBUG:root:Order:2 0 4
DEBUG:root:Order:5 0 4
DEBUG:root:Order:11 0 3
DEBUG:root:Order:14 0 2
DEBUG:root:Order:9 0 1
DEBUG:root:Finish turn

DEBUG:root:Order:2 0 4
DEBUG:root:Order:5 0 4
DEBUG:root:Order:11 0 3
DEBUG:root:Order:14 0 3
DEBUG:root:Order:4 0 1
DEBUG:root:Order:9 0 1
DEBUG:root:Finish turn

DEBUG:root:Order:2 0 5
DEBUG:root:Order:5 0 5
DEBUG:root:Order:11 0 4
DEBUG:root:Order:14 0 4
DEBUG:root:Order:4 0 2
DEBUG:root:Order:9 0 2
DEBUG:root:Finish turn

DEBUG:root:Order:2 8 2
DEBUG:root:Order:2 19 2
DEBUG:root:Order:2 4 1
DEBUG:root:Order:2 9 1
DEBUG:root:Finish turn

DEBUG:root:Order:5 9 7
DEBUG:root:Order:11 9 5
DEBUG:root:Order:14 9 5
DEBUG:root:Order:4 9 2
DEBUG:root:Order:2 9 1
DEBUG:root:Order:8 9 1
DEBUG:root:Order:19 9 1
DEBUG:root:Finish turn

DEBUG:root:Order:2 9 5
DEBUG:root:Order:5 9 5
DEBUG:root:Order:11 9 4
DEBUG:root:Order:14 9 4
DEBUG:root:Order:4 9 2
DEBUG:root:Order:8 9 1
DEBUG:root:Order:19 9 1
DEBUG:root:Finish turn

DEBUG:root:Order:2 9 6
DEBUG:root:Order:5 9 6
DEBUG:root:Order:11 9 5
DEBUG:root:Order:14 9 5
DEBUG:root:Order:4 9 3
DEBUG:root:Order:8 9 2
DEBUG:root:Order:19 9 2
DEBUG:root:Finish turn

DEBUG:root:Order:2 14 3
DEBUG:root:Order:5 14 3
DEBUG:root:Order:11 14 2
DEBUG:root:Finish turn

DEBUG:root:Order:2 14 3
DEBUG:root:Order:5 14 3
DEBUG:root:Order:11 14 2
DEBUG:root:Finish turn

DEBUG:root:Order:2 14 4
DEBUG:root:Order:5 14 4
DEBUG:root:Order:11 14 3
DEBUG:root:Order:4 14 1
DEBUG:root:Finish turn

DEBUG:root:Order:2 14 5
DEBUG:root:Order:5 14 5
DEBUG:root:Order:11 14 4
DEBUG:root:Order:4 14 2
DEBUG:root:Order:9 14 2
DEBUG:root:Finish turn

DEBUG:root:Order:2 8 6
DEBUG:root:Order:5 8 6
DEBUG:root:Order:11 8 5
DEBUG:root:Order:4 8 3
DEBUG:root:Order:9 8 3
DEBUG:root:Order:19 8 1
DEBUG:root:Finish turn

DEBUG:root:Order:2 14 9
DEBUG:root:Order:5 14 9
DEBUG:root:Order:11 14 8
DEBUG:root:Order:4 14 6
DEBUG:root:Order:9 14 6
DEBUG:root:Order:19 14 5
DEBUG:root:Order:8 14 3
DEBUG:root:Finish turn

DEBUG:root:Order:2 8 6
DEBUG:root:Order:5 8 6
DEBUG:root:Order:11 8 5
DEBUG:root:Order:4 8 3
DEBUG:root:Order:9 8 3
DEBUG:root:Order:14 8 2
DEBUG:root:Order:19 8 2
DEBUG:root:Finish turn

DEBUG:root:Order:2 14 11
DEBUG:root:Order:5 14 11
DEBUG:root:Order:11 14 10
DEBUG:root:Order:4 14 8
DEBUG:root:Order:9 14 8
DEBUG:root:Order:19 14 7
DEBUG:root:Order:8 14 3
DEBUG:root:Finish turn

DEBUG:root:Order:2 4 5
DEBUG:root:Order:5 4 5
DEBUG:root:Order:11 4 4
DEBUG:root:Order:14 4 3
DEBUG:root:Order:9 4 2
DEBUG:root:Order:8 4 1
DEBUG:root:Order:19 4 1
DEBUG:root:Finish turn

DEBUG:root:Order:2 14 8
DEBUG:root:Order:5 14 8
DEBUG:root:Order:11 14 7
DEBUG:root:Order:9 14 5
DEBUG:root:Order:8 14 4
DEBUG:root:Order:19 14 4
DEBUG:root:Finish turn

DEBUG:root:Order:2 19 4
DEBUG:root:Order:5 19 4
DEBUG:root:Order:11 19 3
DEBUG:root:Order:4 19 1
DEBUG:root:Order:9 19 1
DEBUG:root:Finish turn

DEBUG:root:Order:2 19 4
DEBUG:root:Order:5 19 4
DEBUG:root:Order:11 19 3
DEBUG:root:Order:4 19 1
DEBUG:root:Order:9 19 1
DEBUG:root:Finish turn

DEBUG:root:Order:2 19 5
DEBUG:root:Order:5 19 5
DEBUG:root:Order:11 19 4
DEBUG:root:Order:4 19 2
DEBUG:root:Order:9 19 2
DEBUG:root:Order:8 19 1
DEBUG:root:Finish turn

DEBUG:root:Order:2 11 5
DEBUG:root:Order:5 11 5
DEBUG:root:Order:4 11 2
DEBUG:root:Order:9 11 2
DEBUG:root:Order:8 11 1
DEBUG:root:Order:19 11 1
DEBUG:root:Finish turn

DEBUG:root:Order:2 11 5
DEBUG:root:Order:5 11 5
DEBUG:root:Order:4 11 2
DEBUG:root:Order:9 11 2
DEBUG:root:Order:8 11 1
DEBUG:root:Order:19 11 1
DEBUG:root:Finish turn

DEBUG:root:Order:5 2 5
DEBUG:root:Order:4 2 2
DEBUG:root:Order:9 2 2
DEBUG:root:Order:11 2 2
DEBUG:root:Order:8 2 1
DEBUG:root:Order:19 2 1
DEBUG:root:Finish turn

DEBUG:root:Order:5 19 5
DEBUG:root:Order:11 19 4
DEBUG:root:Order:4 19 2
DEBUG:root:Order:9 19 2
DEBUG:root:Order:2 19 1
DEBUG:root:Order:8 19 1
DEBUG:root:Finish turn

DEBUG:root:Order:2 19 6
DEBUG:root:Order:5 19 6
DEBUG:root:Order:11 19 5
DEBUG:root:Order:4 19 3
DEBUG:root:Order:9 19 3
DEBUG:root:Order:8 19 2
DEBUG:root:Finish turn

DEBUG:root:Order:2 19 7
DEBUG:root:Order:5 19 7
DEBUG:root:Order:11 19 6
DEBUG:root:Order:4 19 4
DEBUG:root:Order:9 19 4
DEBUG:root:Order:8 19 3
DEBUG:root:Finish turn

DEBUG:root:Order:2 5 5
DEBUG:root:Order:11 5 4
DEBUG:root:Order:4 5 2
DEBUG:root:Order:9 5 2
DEBUG:root:Order:8 5 1
DEBUG:root:Finish turn

DEBUG:root:Order:2 5 5
DEBUG:root:Order:11 5 4
DEBUG:root:Order:4 5 2
DEBUG:root:Order:9 5 2
DEBUG:root:Order:8 5 1
DEBUG:root:Order:8 19 1
DEBUG:root:Finish turn

DEBUG:root:Order:2 19 14
DEBUG:root:Order:5 19 13
DEBUG:root:Order:11 19 13
DEBUG:root:Order:4 19 11
DEBUG:root:Order:9 19 11
DEBUG:root:Order:8 19 9
DEBUG:root:Finish turn

DEBUG:root:Order:2 5 7
DEBUG:root:Order:11 5 6
DEBUG:root:Order:4 5 4
DEBUG:root:Bad order:9 0.0 4
DEBUG:root:Order:8 5 3
DEBUG:root:Finish turn

DEBUG:root:Bad order:9 2.0 3
DEBUG:root:Order:9 19 2
DEBUG:root:Bad order:9 0.0 1
DEBUG:root:Bad order:9 0.0 3
DEBUG:root:Order:2 4 2
DEBUG:root:Order:11 4 1
DEBUG:root:Finish turn

DEBUG:root:Order:2 8 2
DEBUG:root:Order:2 9 1
DEBUG:root:Order:2 19 1
DEBUG:root:Order:2 5 3
DEBUG:root:Order:4 5 2
DEBUG:root:Order:11 5 2
DEBUG:root:Finish turn

DEBUG:root:Order:5 9 4
DEBUG:root:Order:5 19 2
DEBUG:root:Order:5 2 1
DEBUG:root:Order:5 4 8
DEBUG:root:Order:11 4 1
DEBUG:root:Finish turn

DEBUG:root:Order:4 9 6
DEBUG:root:Order:4 5 3
DEBUG:root:Order:4 19 1
DEBUG:root:Finish turn

DEBUG:root:Order:2 9 5
DEBUG:root:Order:11 9 4
DEBUG:root:Order:11 4 1
DEBUG:root:Order:11 19 1
DEBUG:root:Finish turn

DEBUG:root:Order:5 9 6
DEBUG:root:Order:2 9 4
DEBUG:root:Order:11 9 1
DEBUG:root:Order:11 19 1
DEBUG:root:Finish turn

DEBUG:root:Order:2 9 4
DEBUG:root:Order:5 9 4
DEBUG:root:Order:11 9 2
DEBUG:root:Order:4 9 1
DEBUG:root:Finish turn

DEBUG:root:Order:2 9 5
DEBUG:root:Order:5 9 5
DEBUG:root:Order:11 9 4
DEBUG:root:Order:4 9 2
DEBUG:root:Order:19 9 1
DEBUG:root:Finish turn

DEBUG:root:Order:2 9 5
DEBUG:root:Order:5 9 5
DEBUG:root:Order:11 9 4
DEBUG:root:Order:4 9 2
DEBUG:root:Order:19 9 1
DEBUG:root:Finish turn

DEBUG:root:Order:2 4 5
DEBUG:root:Order:5 4 5
DEBUG:root:Order:11 4 4
DEBUG:root:Order:19 4 1
DEBUG:root:Order:19 9 1
DEBUG:root:Finish turn

DEBUG:root:Order:2 4 5
DEBUG:root:Order:5 4 5
DEBUG:root:Order:11 4 4
DEBUG:root:Finish turn

DEBUG:root:Order:2 4 5
DEBUG:root:Order:5 4 5
DEBUG:root:Order:11 4 4
DEBUG:root:Order:9 4 2
DEBUG:root:Order:19 4 1
DEBUG:root:Finish turn

DEBUG:root:Order:5 2 6
DEBUG:root:Order:11 2 5
DEBUG:root:Order:9 2 3
DEBUG:root:Order:19 2 1
DEBUG:root:Order:19 4 1
DEBUG:root:Finish turn

DEBUG:root:Order:5 2 5
DEBUG:root:Order:11 2 4
DEBUG:root:Order:9 2 2
DEBUG:root:Order:4 2 1
DEBUG:root:Order:19 2 1
DEBUG:root:Finish turn

DEBUG:root:Order:5 2 7
DEBUG:root:Order:11 2 6
DEBUG:root:Order:4 2 4
DEBUG:root:Order:9 2 4
DEBUG:root:Order:19 2 3
DEBUG:root:Finish turn

DEBUG:root:Order:5 2 8
DEBUG:root:Order:11 2 7
DEBUG:root:Order:4 2 5
DEBUG:root:Order:9 2 5
DEBUG:root:Order:19 2 4
DEBUG:root:Finish turn

DEBUG:root:Order:5 11 5
DEBUG:root:Order:4 11 2
DEBUG:root:Order:9 11 2
DEBUG:root:Order:2 11 1
DEBUG:root:Order:19 11 1
DEBUG:root:Finish turn

DEBUG:root:Order:2 11 4
DEBUG:root:Order:5 11 4
DEBUG:root:Order:4 11 1
DEBUG:root:Order:9 11 1
DEBUG:root:Finish turn

DEBUG:root:Order:2 19 3
DEBUG:root:Order:5 19 3
DEBUG:root:Order:11 19 2
DEBUG:root:Finish turn

DEBUG:root:Order:2 19 3
DEBUG:root:Order:5 19 3
DEBUG:root:Order:11 19 2
DEBUG:root:Finish turn

DEBUG:root:Order:2 19 3
DEBUG:root:Order:5 19 3
DEBUG:root:Order:11 19 2
DEBUG:root:Finish turn

DEBUG:root:Order:2 19 5
DEBUG:root:Order:5 19 5
DEBUG:root:Order:11 19 4
DEBUG:root:Order:4 19 2
DEBUG:root:Order:9 19 2
DEBUG:root:Finish turn

DEBUG:root:Order:2 19 5
DEBUG:root:Order:5 19 5
DEBUG:root:Order:11 19 4
DEBUG:root:Order:4 19 2
DEBUG:root:Order:9 19 2
DEBUG:root:Finish turn

DEBUG:root:Order:2 19 6
DEBUG:root:Order:5 19 6
DEBUG:root:Order:11 19 5
DEBUG:root:Order:4 19 3
DEBUG:root:Order:9 19 3
DEBUG:root:Finish turn

DEBUG:root:Order:2 19 7
DEBUG:root:Order:5 19 7
DEBUG:root:Order:11 19 6
DEBUG:root:Order:4 19 4
DEBUG:root:Order:9 19 4
DEBUG:root:Finish turn

DEBUG:root:Order:2 5 6
DEBUG:root:Order:11 5 5
DEBUG:root:Order:4 5 3
DEBUG:root:Order:9 5 1
DEBUG:root:Order:9 19 2
DEBUG:root:Finish turn

DEBUG:root:Order:2 11 11
DEBUG:root:Order:5 11 10
DEBUG:root:Order:4 11 8
DEBUG:root:Order:9 11 8
DEBUG:root:Order:19 11 6
DEBUG:root:Finish turn

DEBUG:root:Order:2 5 6
DEBUG:root:Order:4 5 3
DEBUG:root:Order:9 5 3
DEBUG:root:Order:11 5 3
DEBUG:root:Order:19 5 2
DEBUG:root:Finish turn

DEBUG:root:Order:2 5 5
DEBUG:root:Order:11 5 4
DEBUG:root:Order:4 5 2
DEBUG:root:Order:9 5 2
DEBUG:root:Order:19 5 1
DEBUG:root:Finish turn

DEBUG:root:Order:2 5 7
DEBUG:root:Order:11 5 6
DEBUG:root:Order:4 5 4
DEBUG:root:Order:9 5 4
DEBUG:root:Order:19 5 3
DEBUG:root:Finish turn

DEBUG:root:Order:2 4 6
DEBUG:root:Order:5 4 6
DEBUG:root:Order:11 4 5
DEBUG:root:Order:9 4 3
DEBUG:root:Order:19 4 2
DEBUG:root:Finish turn

DEBUG:root:Order:2 19 28
DEBUG:root:Order:5 19 28
DEBUG:root:Bad order:9 20.0 25
DEBUG:root:Order:4 19 20
DEBUG:root:Finish turn

DEBUG:root:Bad order:9 22.0 24
DEBUG:root:Order:2 19 2
DEBUG:root:Order:5 19 2
DEBUG:root:Finish turn

DEBUG:root:Order:2 19 10
DEBUG:root:Order:5 19 10
DEBUG:root:Order:5 9 1
DEBUG:root:Finish turn

DEBUG:root:Order:2 9 3
DEBUG:root:Order:5 9 1
DEBUG:root:Order:5 19 1
DEBUG:root:Finish turn

DEBUG:root:Order:2 9 4
DEBUG:root:Order:5 9 3
DEBUG:root:Order:5 19 1
DEBUG:root:Finish turn

DEBUG:root:Order:2 9 4
DEBUG:root:Order:5 9 4
DEBUG:root:Finish turn

DEBUG:root:Order:2 9 5
DEBUG:root:Order:5 9 5
DEBUG:root:Order:19 9 1
DEBUG:root:Finish turn

DEBUG:root:Bad order:2 3.0 6
DEBUG:root:Order:5 9 6
DEBUG:root:Order:19 9 2
DEBUG:root:Finish turn

DEBUG:root:Order:2 9 4
DEBUG:root:Order:5 9 2
DEBUG:root:Order:5 19 1
DEBUG:root:Finish turn

DEBUG:root:Order:5 19 1
DEBUG:root:Order:5 9 2
DEBUG:root:Finish turn

DEBUG:root:Order:5 9 10
DEBUG:root:Order:19 9 6
DEBUG:root:Finish turn

DEBUG:root:Order:5 9 12
DEBUG:root:Order:19 9 8
DEBUG:root:Finish turn

DEBUG:root:Order:5 9 14
DEBUG:root:Order:19 9 10
DEBUG:root:Finish turn

DEBUG:root:Order:5 9 1
DEBUG:root:Finish turn

DEBUG:root:Order:9 5 10
DEBUG:root:Finish turn

DEBUG:root:Bad order:9 13.0 14
DEBUG:root:Finish turn

DEBUG:root:Order:9 5 3
DEBUG:root:Finish turn

DEBUG:root:Order:5 9 16
DEBUG:root:Finish turn

DEBUG:root:Order:5 9 23
DEBUG:root:Finish turn

DEBUG:root:Order:9 5 17
DEBUG:root:Finish turn

DEBUG:root:Order:9 5 3
DEBUG:root:Finish turn

DEBUG:root:Order:9 5 8
DEBUG:root:Finish turn

DEBUG:root:Order:9 5 11
DEBUG:root:Finish turn

DEBUG:root:Order:9 5 22
DEBUG:root:Finish turn

DEBUG:root:Order:9 5 6
DEBUG:root:Finish turn

DEBUG:root:Finish turn

DEBUG:root:Finish turn

DEBUG:root:Finish turn

DEBUG:root:Finish turn

DEBUG:root:Finish turn

DEBUG:root:Finish turn

DEBUG:root:Finish turn

DEBUG:root:Finish turn

DEBUG:root:Finish turn

DEBUG:root:Finish turn

DEBUG:root:Finish turn

DEBUG:root:Finish turn

DEBUG:root:Finish turn

DEBUG:root:Finish turn

DEBUG:root:Finish turn

DEBUG:root:Finish turn

DEBUG:root:Finish turn

DEBUG:root:Finish turn

